2018-04-25 16:50:43 INFO Running job Every 3 seconds do run_threaded(<bound method InfoCollection.agg_info_post of <__main__.InfoCollection object at 0x0332FA30>>) (last run: [never], next run: 2018-04-25 16:50:43)
2018-04-25 16:50:43 INFO Get the hardwave infos from host:
2018-04-25 16:50:46 INFO Running job Every 3 seconds do run_threaded(<bound method InfoCollection.agg_info_post of <__main__.InfoCollection object at 0x0332FA30>>) (last run: 2018-04-25 16:50:43, next run: 2018-04-25 16:50:46)
2018-04-25 16:50:46 INFO Get the hardwave infos from host:
2018-04-25 16:50:46 INFO {"machine_id": "M-001", "hostname": "DESKTOP-O4S1O5J", "cpu": {"user": 42686.578125, "system": 57073.515625, "idle": 268001.203125, "percent": 27.3}, "mem": {"total": 4217212928, "available": 445259776, "percent": 89.4, "used": 3771953152, "free": 445259776}, "disk": {"id": ["C", "D", "F"], "total": [353.85, 10.62, 100.0], "used": [172.86, 10.62, 65.9], "free": [180.99, 0.0, 34.1], "percent": [48.9, 100.0, 65.9]}, "net": [{"nic_name": "WLAN", "traffic_in": 0.0, "traffic_out": 0.0}, {"nic_name": "\u672c\u5730\u8fde\u63a5* 3", "traffic_in": 0.0, "traffic_out": 0.0}, {"nic_name": "\u4ee5\u592a\u7f51", "traffic_in": 0.5458984375, "traffic_out": 0.7705078125}, {"nic_name": "\u4ee5\u592a\u7f51 2", "traffic_in": 0.0, "traffic_out": 0.0}, {"nic_name": "\u4ee5\u592a\u7f51 3", "traffic_in": 0.0, "traffic_out": 0.0}, {"nic_name": "Loopback Pseudo-Interface 1", "traffic_in": 0.0, "traffic_out": 0.0}]}
2018-04-25 16:50:46 INFO ----------------------------------------------------------
2018-04-25 16:50:49 INFO Running job Every 3 seconds do run_threaded(<bound method InfoCollection.agg_info_post of <__main__.InfoCollection object at 0x0332FA30>>) (last run: 2018-04-25 16:50:46, next run: 2018-04-25 16:50:49)
2018-04-25 16:50:49 INFO Get the hardwave infos from host:
2018-04-25 16:50:49 INFO {"machine_id": "M-001", "hostname": "DESKTOP-O4S1O5J", "cpu": {"user": 42687.3125, "system": 57074.703125, "idle": 268005.28125, "percent": 24.9}, "mem": {"total": 4217212928, "available": 428802048, "percent": 89.8, "used": 3788410880, "free": 428802048}, "disk": {"id": ["C", "D", "F"], "total": [353.85, 10.62, 100.0], "used": [172.86, 10.62, 65.9], "free": [180.99, 0.0, 34.1], "percent": [48.9, 100.0, 65.9]}, "net": [{"nic_name": "WLAN", "traffic_in": 0.0, "traffic_out": 0.0}, {"nic_name": "\u672c\u5730\u8fde\u63a5* 3", "traffic_in": 0.0, "traffic_out": 0.0}, {"nic_name": "\u4ee5\u592a\u7f51", "traffic_in": 0.064453125, "traffic_out": 0.275390625}, {"nic_name": "\u4ee5\u592a\u7f51 2", "traffic_in": 0.0, "traffic_out": 0.0}, {"nic_name": "\u4ee5\u592a\u7f51 3", "traffic_in": 0.0, "traffic_out": 0.041015625}, {"nic_name": "Loopback Pseudo-Interface 1", "traffic_in": 0.0, "traffic_out": 0.0}]}
2018-04-25 16:50:49 INFO ----------------------------------------------------------
2018-04-25 16:50:50 INFO Post the system Monitor Data successfully!
2018-04-25 16:50:52 INFO Running job Every 3 seconds do run_threaded(<bound method InfoCollection.agg_info_post of <__main__.InfoCollection object at 0x0332FA30>>) (last run: 2018-04-25 16:50:49, next run: 2018-04-25 16:50:52)
2018-04-25 16:50:52 INFO Get the hardwave infos from host:
2018-04-25 16:50:52 INFO {"machine_id": "M-001", "hostname": "DESKTOP-O4S1O5J", "cpu": {"user": 42687.953125, "system": 57075.71875, "idle": 268009.625, "percent": 38.2}, "mem": {"total": 4217212928, "available": 434057216, "percent": 89.7, "used": 3783155712, "free": 434057216}, "disk": {"id": ["C", "D", "F"], "total": [353.85, 10.62, 100.0], "used": [172.86, 10.62, 65.9], "free": [180.99, 0.0, 34.1], "percent": [48.9, 100.0, 65.9]}, "net": [{"nic_name": "WLAN", "traffic_in": 0.0, "traffic_out": 0.0}, {"nic_name": "\u672c\u5730\u8fde\u63a5* 3", "traffic_in": 0.0, "traffic_out": 0.0}, {"nic_name": "\u4ee5\u592a\u7f51", "traffic_in": 0.34375, "traffic_out": 0.3251953125}, {"nic_name": "\u4ee5\u592a\u7f51 2", "traffic_in": 0.0, "traffic_out": 0.0}, {"nic_name": "\u4ee5\u592a\u7f51 3", "traffic_in": 0.0, "traffic_out": 0.041015625}, {"nic_name": "Loopback Pseudo-Interface 1", "traffic_in": 0.0, "traffic_out": 0.0}]}
2018-04-25 16:50:52 INFO ----------------------------------------------------------
2018-04-25 16:50:52 INFO Post the system Monitor Data successfully!
2018-04-25 16:50:55 INFO Running job Every 3 seconds do run_threaded(<bound method InfoCollection.agg_info_post of <__main__.InfoCollection object at 0x0332FA30>>) (last run: 2018-04-25 16:50:52, next run: 2018-04-25 16:50:55)
2018-04-25 16:50:55 INFO Get the hardwave infos from host:
2018-04-25 16:50:55 INFO {"machine_id": "M-001", "hostname": "DESKTOP-O4S1O5J", "cpu": {"user": 42688.59375, "system": 57077.484375, "idle": 268013.34375, "percent": 23.4}, "mem": {"total": 4217212928, "available": 434896896, "percent": 89.7, "used": 3782316032, "free": 434896896}, "disk": {"id": ["C", "D", "F"], "total": [353.85, 10.62, 100.0], "used": [172.86, 10.62, 65.9], "free": [180.99, 0.0, 34.1], "percent": [48.9, 100.0, 65.9]}, "net": [{"nic_name": "WLAN", "traffic_in": 0.0, "traffic_out": 0.0}, {"nic_name": "\u672c\u5730\u8fde\u63a5* 3", "traffic_in": 0.0, "traffic_out": 0.0}, {"nic_name": "\u4ee5\u592a\u7f51", "traffic_in": 0.05859375, "traffic_out": 0.041015625}, {"nic_name": "\u4ee5\u592a\u7f51 2", "traffic_in": 0.0, "traffic_out": 0.0}, {"nic_name": "\u4ee5\u592a\u7f51 3", "traffic_in": 0.0, "traffic_out": 0.041015625}, {"nic_name": "Loopback Pseudo-Interface 1", "traffic_in": 0.0, "traffic_out": 0.0}]}
2018-04-25 16:50:55 INFO ----------------------------------------------------------
2018-04-25 16:50:55 INFO Post the system Monitor Data successfully!
2018-04-25 17:22:17 INFO Running job Every 3 seconds do run_threaded(<bound method InfoCollection.agg_info_post of <__main__.InfoCollection object at 0x033AFA30>>) (last run: [never], next run: 2018-04-25 17:22:17)
2018-04-25 17:22:17 INFO Get the hardwave infos from host:
2018-04-25 17:22:20 INFO Running job Every 3 seconds do run_threaded(<bound method InfoCollection.agg_info_post of <__main__.InfoCollection object at 0x033AFA30>>) (last run: 2018-04-25 17:22:17, next run: 2018-04-25 17:22:20)
2018-04-25 17:22:20 INFO Get the hardwave infos from host:
2018-04-25 17:22:20 INFO {"machine_id": "M-001", "hostname": "DESKTOP-O4S1O5J", "cpu": {"user": 43153.59374999999, "system": 57777.40625, "idle": 270618.296875, "percent": 28.8}, "mem": {"total": 4217212928, "available": 762101760, "percent": 81.9, "used": 3455111168, "free": 762101760}, "disk": {"id": ["C", "D", "F"], "total": [353.85, 10.62, 100.0], "used": [172.58, 10.62, 65.9], "free": [181.27, 0.0, 34.1], "percent": [48.8, 100.0, 65.9]}, "net": [{"nic_name": "WLAN", "traffic_in": 0.0, "traffic_out": 0.0}, {"nic_name": "\u672c\u5730\u8fde\u63a5* 3", "traffic_in": 0.0, "traffic_out": 0.0}, {"nic_name": "\u4ee5\u592a\u7f51", "traffic_in": 0.0, "traffic_out": 0.052734375}, {"nic_name": "\u4ee5\u592a\u7f51 2", "traffic_in": 0.0, "traffic_out": 0.0}, {"nic_name": "\u4ee5\u592a\u7f51 3", "traffic_in": 0.0, "traffic_out": 0.0}, {"nic_name": "Loopback Pseudo-Interface 1", "traffic_in": 0.0, "traffic_out": 0.0}]}
2018-04-25 17:22:20 INFO ----------------------------------------------------------
2018-04-25 17:22:23 INFO Running job Every 3 seconds do run_threaded(<bound method InfoCollection.agg_info_post of <__main__.InfoCollection object at 0x033AFA30>>) (last run: 2018-04-25 17:22:20, next run: 2018-04-25 17:22:23)
2018-04-25 17:22:23 INFO Get the hardwave infos from host:
2018-04-25 17:22:23 INFO {"machine_id": "M-001", "hostname": "DESKTOP-O4S1O5J", "cpu": {"user": 43154.14062499999, "system": 57778.71875, "idle": 270622.4375, "percent": 32.4}, "mem": {"total": 4217212928, "available": 760745984, "percent": 82.0, "used": 3456466944, "free": 760745984}, "disk": {"id": ["C", "D", "F"], "total": [353.85, 10.62, 100.0], "used": [172.58, 10.62, 65.9], "free": [181.27, 0.0, 34.1], "percent": [48.8, 100.0, 65.9]}, "net": [{"nic_name": "WLAN", "traffic_in": 0.0, "traffic_out": 0.0}, {"nic_name": "\u672c\u5730\u8fde\u63a5* 3", "traffic_in": 0.0, "traffic_out": 0.0}, {"nic_name": "\u4ee5\u592a\u7f51", "traffic_in": 0.0, "traffic_out": 0.052734375}, {"nic_name": "\u4ee5\u592a\u7f51 2", "traffic_in": 0.0, "traffic_out": 0.0}, {"nic_name": "\u4ee5\u592a\u7f51 3", "traffic_in": 0.0, "traffic_out": 0.0}, {"nic_name": "Loopback Pseudo-Interface 1", "traffic_in": 0.0, "traffic_out": 0.0}]}
2018-04-25 17:22:23 INFO ----------------------------------------------------------
2018-04-25 17:22:23 INFO Post the system Monitor Data successfully!
2018-04-25 17:22:26 INFO Running job Every 3 seconds do run_threaded(<bound method InfoCollection.agg_info_post of <__main__.InfoCollection object at 0x033AFA30>>) (last run: 2018-04-25 17:22:23, next run: 2018-04-25 17:22:26)
2018-04-25 17:22:26 INFO Get the hardwave infos from host:
2018-04-25 17:22:26 INFO {"machine_id": "M-001", "hostname": "DESKTOP-O4S1O5J", "cpu": {"user": 43154.76562499999, "system": 57780.0625, "idle": 270626.5, "percent": 28.1}, "mem": {"total": 4217212928, "available": 763215872, "percent": 81.9, "used": 3453997056, "free": 763215872}, "disk": {"id": ["C", "D", "F"], "total": [353.85, 10.62, 100.0], "used": [172.58, 10.62, 65.9], "free": [181.27, 0.0, 34.1], "percent": [48.8, 100.0, 65.9]}, "net": [{"nic_name": "WLAN", "traffic_in": 0.0, "traffic_out": 0.0}, {"nic_name": "\u672c\u5730\u8fde\u63a5* 3", "traffic_in": 0.0, "traffic_out": 0.0}, {"nic_name": "\u4ee5\u592a\u7f51", "traffic_in": 0.09375, "traffic_out": 0.0888671875}, {"nic_name": "\u4ee5\u592a\u7f51 2", "traffic_in": 0.0, "traffic_out": 0.0}, {"nic_name": "\u4ee5\u592a\u7f51 3", "traffic_in": 0.0, "traffic_out": 0.0}, {"nic_name": "Loopback Pseudo-Interface 1", "traffic_in": 0.0, "traffic_out": 0.0}]}
2018-04-25 17:22:26 INFO ----------------------------------------------------------
2018-04-25 17:22:26 INFO Post the system Monitor Data successfully!
2018-04-25 17:22:29 INFO Running job Every 3 seconds do run_threaded(<bound method InfoCollection.agg_info_post of <__main__.InfoCollection object at 0x033AFA30>>) (last run: 2018-04-25 17:22:26, next run: 2018-04-25 17:22:29)
2018-04-25 17:22:29 INFO Get the hardwave infos from host:
2018-04-25 17:22:29 INFO {"machine_id": "M-001", "hostname": "DESKTOP-O4S1O5J", "cpu": {"user": 43155.49999999999, "system": 57781.421875, "idle": 270630.40625, "percent": 40.3}, "mem": {"total": 4217212928, "available": 765960192, "percent": 81.8, "used": 3451252736, "free": 765960192}, "disk": {"id": ["C", "D", "F"], "total": [353.85, 10.62, 100.0], "used": [172.58, 10.62, 65.9], "free": [181.27, 0.0, 34.1], "percent": [48.8, 100.0, 65.9]}, "net": [{"nic_name": "WLAN", "traffic_in": 0.0, "traffic_out": 0.0}, {"nic_name": "\u672c\u5730\u8fde\u63a5* 3", "traffic_in": 0.0, "traffic_out": 0.0}, {"nic_name": "\u4ee5\u592a\u7f51", "traffic_in": 0.064453125, "traffic_out": 0.22265625}, {"nic_name": "\u4ee5\u592a\u7f51 2", "traffic_in": 0.0, "traffic_out": 0.0}, {"nic_name": "\u4ee5\u592a\u7f51 3", "traffic_in": 0.0, "traffic_out": 0.041015625}, {"nic_name": "Loopback Pseudo-Interface 1", "traffic_in": 0.0, "traffic_out": 0.0}]}
2018-04-25 17:22:29 INFO ----------------------------------------------------------
2018-04-25 17:22:29 INFO Post the system Monitor Data successfully!
